mode: atomic
/Users/abdullahselek/Repositories/verifid/vlgo/vlgo/image.go:22.109,24.16 2 2
/Users/abdullahselek/Repositories/verifid/vlgo/vlgo/image.go:27.2,32.16 5 2
/Users/abdullahselek/Repositories/verifid/vlgo/vlgo/image.go:35.2,37.31 2 2
/Users/abdullahselek/Repositories/verifid/vlgo/vlgo/image.go:40.2,41.16 2 2
/Users/abdullahselek/Repositories/verifid/vlgo/vlgo/image.go:45.2,47.17 3 2
/Users/abdullahselek/Repositories/verifid/vlgo/vlgo/image.go:24.16,26.3 1 0
/Users/abdullahselek/Repositories/verifid/vlgo/vlgo/image.go:32.16,34.3 1 0
/Users/abdullahselek/Repositories/verifid/vlgo/vlgo/image.go:37.31,39.3 1 2
/Users/abdullahselek/Repositories/verifid/vlgo/vlgo/image.go:41.16,43.3 1 0
/Users/abdullahselek/Repositories/verifid/vlgo/vlgo/image.go:50.117,55.16 3 1
/Users/abdullahselek/Repositories/verifid/vlgo/vlgo/image.go:58.2,59.16 2 1
/Users/abdullahselek/Repositories/verifid/vlgo/vlgo/image.go:62.2,63.75 2 1
/Users/abdullahselek/Repositories/verifid/vlgo/vlgo/image.go:66.2,66.34 1 1
/Users/abdullahselek/Repositories/verifid/vlgo/vlgo/image.go:55.16,57.3 1 0
/Users/abdullahselek/Repositories/verifid/vlgo/vlgo/image.go:59.16,61.3 1 0
/Users/abdullahselek/Repositories/verifid/vlgo/vlgo/image.go:63.75,65.3 1 0
/Users/abdullahselek/Repositories/verifid/vlgo/vlgo/image.go:69.116,74.16 3 1
/Users/abdullahselek/Repositories/verifid/vlgo/vlgo/image.go:77.2,78.16 2 1
/Users/abdullahselek/Repositories/verifid/vlgo/vlgo/image.go:81.2,82.75 2 1
/Users/abdullahselek/Repositories/verifid/vlgo/vlgo/image.go:85.2,85.34 1 1
/Users/abdullahselek/Repositories/verifid/vlgo/vlgo/image.go:74.16,76.3 1 0
/Users/abdullahselek/Repositories/verifid/vlgo/vlgo/image.go:78.16,80.3 1 0
/Users/abdullahselek/Repositories/verifid/vlgo/vlgo/image.go:82.75,84.3 1 0
/Users/abdullahselek/Repositories/verifid/vlgo/vlgo/user.go:36.35,38.16 2 2
/Users/abdullahselek/Repositories/verifid/vlgo/vlgo/user.go:42.2,42.10 1 2
/Users/abdullahselek/Repositories/verifid/vlgo/vlgo/user.go:38.16,41.3 2 0
/Users/abdullahselek/Repositories/verifid/vlgo/vlgo/user.go:45.86,48.16 3 1
/Users/abdullahselek/Repositories/verifid/vlgo/vlgo/user.go:51.2,52.16 2 1
/Users/abdullahselek/Repositories/verifid/vlgo/vlgo/user.go:55.2,56.73 2 1
/Users/abdullahselek/Repositories/verifid/vlgo/vlgo/user.go:59.2,59.32 1 1
/Users/abdullahselek/Repositories/verifid/vlgo/vlgo/user.go:48.16,50.3 1 0
/Users/abdullahselek/Repositories/verifid/vlgo/vlgo/user.go:52.16,54.3 1 0
/Users/abdullahselek/Repositories/verifid/vlgo/vlgo/user.go:56.73,58.3 1 0
