mode: atomic
/Users/abdullahselek/Repositories/verifid/vl-go/vlgo/enums.go:18.44,24.2 2 2
/Users/abdullahselek/Repositories/verifid/vl-go/vlgo/image.go:19.56,23.2 1 2
/Users/abdullahselek/Repositories/verifid/vl-go/vlgo/image.go:39.77,42.16 2 2
/Users/abdullahselek/Repositories/verifid/vl-go/vlgo/image.go:47.2,60.21 8 2
/Users/abdullahselek/Repositories/verifid/vl-go/vlgo/image.go:42.16,45.3 2 0
/Users/abdullahselek/Repositories/verifid/vl-go/vlgo/image.go:63.134,67.2 3 2
/Users/abdullahselek/Repositories/verifid/vl-go/vlgo/image.go:72.121,74.2 1 1
/Users/abdullahselek/Repositories/verifid/vl-go/vlgo/image.go:79.120,81.2 1 1
/Users/abdullahselek/Repositories/verifid/vl-go/vlgo/user.go:15.54,19.2 1 2
/Users/abdullahselek/Repositories/verifid/vl-go/vlgo/user.go:52.86,56.2 3 1
/Users/abdullahselek/Repositories/verifid/vl-go/vlgo/user.go:60.108,64.2 3 1
/Users/abdullahselek/Repositories/verifid/vl-go/vlgo/vlgo.go:17.54,23.2 2 2
/Users/abdullahselek/Repositories/verifid/vl-go/vlgo/vlgo.go:26.55,32.2 2 2
